{
  "RSpec": {
    "coverage": {
      "/home/revans/workspace/Campus_Code/Projetos/Campus/financasemfamilia/app/models/income_type.rb": [
        null,
        null,
        null,
        null
      ],
      "/home/revans/workspace/Campus_Code/Projetos/Campus/financasemfamilia/app/helpers/application_helper.rb": [
        0,
        0
      ],
      "/home/revans/workspace/Campus_Code/Projetos/Campus/financasemfamilia/app/models/application_record.rb": [
        0,
        0,
        0
      ],
      "/home/revans/workspace/Campus_Code/Projetos/Campus/financasemfamilia/app/jobs/application_job.rb": [
        0,
        0
      ],
      "/home/revans/workspace/Campus_Code/Projetos/Campus/financasemfamilia/app/mailers/application_mailer.rb": [
        0,
        0,
        0,
        0
      ],
      "/home/revans/workspace/Campus_Code/Projetos/Campus/financasemfamilia/app/controllers/application_controller.rb": [
        0,
        0
      ],
      "/home/revans/workspace/Campus_Code/Projetos/Campus/financasemfamilia/app/channels/application_cable/channel.rb": [
        0,
        0,
        0,
        0
      ],
      "/home/revans/workspace/Campus_Code/Projetos/Campus/financasemfamilia/app/channels/application_cable/connection.rb": [
        0,
        0,
        0,
        0
      ]
    },
    "timestamp": 1532380790
  }
}
